<?xml version="1.0" encoding="UTF-8"?>
<testsuite xmlns:xsi="http://www.w3.org/2001/XMLSchema-instance" xsi:noNamespaceSchemaLocation="https://maven.apache.org/surefire/maven-surefire-plugin/xsd/surefire-test-report.xsd" name="org.mrbriefcase.rpnTest" time="0.05" tests="21" errors="0" skipped="0" failures="0">
  <properties>
    <property name="java.specification.version" value="21"/>
    <property name="sun.jnu.encoding" value="UTF-8"/>
    <property name="java.class.path" value="/Users/todd/GitHub/java-rpn-calculator-maven-junit/rpn/target/test-classes:/Users/todd/GitHub/java-rpn-calculator-maven-junit/rpn/target/classes:/Users/todd/.m2/repository/junit/junit/4.11/junit-4.11.jar:/Users/todd/.m2/repository/org/hamcrest/hamcrest-core/1.3/hamcrest-core-1.3.jar:"/>
    <property name="java.vm.vendor" value="Eclipse Adoptium"/>
    <property name="sun.arch.data.model" value="64"/>
    <property name="java.vendor.url" value="https://adoptium.net/"/>
    <property name="os.name" value="Mac OS X"/>
    <property name="java.vm.specification.version" value="21"/>
    <property name="sun.java.launcher" value="SUN_STANDARD"/>
    <property name="user.country" value="US"/>
    <property name="sun.boot.library.path" value="/Library/Java/JavaVirtualMachines/temurin-21.jdk/Contents/Home/lib"/>
    <property name="sun.java.command" value="/Users/todd/GitHub/java-rpn-calculator-maven-junit/rpn/target/surefire/surefirebooter1244773008925364184.jar /Users/todd/GitHub/java-rpn-calculator-maven-junit/rpn/target/surefire 2025-02-24T12-52-25_373-jvmRun1 surefire17825976410624245948tmp surefire_09530139846567072452tmp"/>
    <property name="http.nonProxyHosts" value="local|*.local|169.254/16|*.169.254/16"/>
    <property name="jdk.debug" value="release"/>
    <property name="surefire.test.class.path" value="/Users/todd/GitHub/java-rpn-calculator-maven-junit/rpn/target/test-classes:/Users/todd/GitHub/java-rpn-calculator-maven-junit/rpn/target/classes:/Users/todd/.m2/repository/junit/junit/4.11/junit-4.11.jar:/Users/todd/.m2/repository/org/hamcrest/hamcrest-core/1.3/hamcrest-core-1.3.jar:"/>
    <property name="sun.cpu.endian" value="little"/>
    <property name="user.home" value="/Users/todd"/>
    <property name="user.language" value="en"/>
    <property name="java.specification.vendor" value="Oracle Corporation"/>
    <property name="java.version.date" value="2025-01-21"/>
    <property name="java.home" value="/Library/Java/JavaVirtualMachines/temurin-21.jdk/Contents/Home"/>
    <property name="file.separator" value="/"/>
    <property name="basedir" value="/Users/todd/GitHub/java-rpn-calculator-maven-junit/rpn"/>
    <property name="java.vm.compressedOopsMode" value="Zero based"/>
    <property name="line.separator" value="&#10;"/>
    <property name="java.vm.specification.vendor" value="Oracle Corporation"/>
    <property name="java.specification.name" value="Java Platform API Specification"/>
    <property name="apple.awt.application.name" value="ForkedBooter"/>
    <property name="surefire.real.class.path" value="/Users/todd/GitHub/java-rpn-calculator-maven-junit/rpn/target/surefire/surefirebooter1244773008925364184.jar"/>
    <property name="sun.management.compiler" value="HotSpot 64-Bit Tiered Compilers"/>
    <property name="ftp.nonProxyHosts" value="local|*.local|169.254/16|*.169.254/16"/>
    <property name="java.runtime.version" value="21.0.6+7-LTS"/>
    <property name="user.name" value="todd"/>
    <property name="stdout.encoding" value="UTF-8"/>
    <property name="path.separator" value=":"/>
    <property name="os.version" value="12.7.6"/>
    <property name="java.runtime.name" value="OpenJDK Runtime Environment"/>
    <property name="file.encoding" value="UTF-8"/>
    <property name="java.vm.name" value="OpenJDK 64-Bit Server VM"/>
    <property name="java.vendor.version" value="Temurin-21.0.6+7"/>
    <property name="localRepository" value="/Users/todd/.m2/repository"/>
    <property name="java.vendor.url.bug" value="https://github.com/adoptium/adoptium-support/issues"/>
    <property name="java.io.tmpdir" value="/var/folders/3z/sw579hwn5zb8l52z9km3jxcw0000gn/T/"/>
    <property name="java.version" value="21.0.6"/>
    <property name="user.dir" value="/Users/todd/GitHub/java-rpn-calculator-maven-junit/rpn"/>
    <property name="os.arch" value="x86_64"/>
    <property name="java.vm.specification.name" value="Java Virtual Machine Specification"/>
    <property name="native.encoding" value="UTF-8"/>
    <property name="java.library.path" value="/Users/todd/Library/Java/Extensions:/Library/Java/Extensions:/Network/Library/Java/Extensions:/System/Library/Java/Extensions:/usr/lib/java:."/>
    <property name="java.vm.info" value="mixed mode"/>
    <property name="stderr.encoding" value="UTF-8"/>
    <property name="java.vendor" value="Eclipse Adoptium"/>
    <property name="java.vm.version" value="21.0.6+7-LTS"/>
    <property name="sun.io.unicode.encoding" value="UnicodeBig"/>
    <property name="socksNonProxyHosts" value="local|*.local|169.254/16|*.169.254/16"/>
    <property name="java.class.version" value="65.0"/>
  </properties>
  <testcase name="additionAlphaTest" classname="org.mrbriefcase.rpnTest" time="0.004"/>
  <testcase name="divisionByZeroTest" classname="org.mrbriefcase.rpnTest" time="0.001"/>
  <testcase name="divisionTest" classname="org.mrbriefcase.rpnTest" time="0"/>
  <testcase name="multiplicationAlphaTest" classname="org.mrbriefcase.rpnTest" time="0"/>
  <testcase name="divisionByZeroTest2" classname="org.mrbriefcase.rpnTest" time="0.001"/>
  <testcase name="divisionByZeroTest3" classname="org.mrbriefcase.rpnTest" time="0.001"/>
  <testcase name="noArgumentsTest" classname="org.mrbriefcase.rpnTest" time="0.001"/>
  <testcase name="subtractionAlphaTest" classname="org.mrbriefcase.rpnTest" time="0"/>
  <testcase name="tooManyOperandsTest" classname="org.mrbriefcase.rpnTest" time="0.002"/>
  <testcase name="invalidArgumentOrderTest" classname="org.mrbriefcase.rpnTest" time="0.001"/>
  <testcase name="additionTest" classname="org.mrbriefcase.rpnTest" time="0.001"/>
  <testcase name="cosineTest" classname="org.mrbriefcase.rpnTest" time="0.001"/>
  <testcase name="notEnoughOperandsToOperatorOnTest" classname="org.mrbriefcase.rpnTest" time="0.001"/>
  <testcase name="multiplicationTest" classname="org.mrbriefcase.rpnTest" time="0.001"/>
  <testcase name="multipleOperationTest" classname="org.mrbriefcase.rpnTest" time="0.001"/>
  <testcase name="noOperatorsPresentTest" classname="org.mrbriefcase.rpnTest" time="0.001"/>
  <testcase name="subtractionTest" classname="org.mrbriefcase.rpnTest" time="0.001"/>
  <testcase name="divisionAlphaTest" classname="org.mrbriefcase.rpnTest" time="0"/>
  <testcase name="invalidArgumentOrOperatorPresentTest" classname="org.mrbriefcase.rpnTest" time="0.002"/>
  <testcase name="decimalPointTest" classname="org.mrbriefcase.rpnTest" time="0"/>
  <testcase name="notEnoughOperandsAndOrOperatorsTest" classname="org.mrbriefcase.rpnTest" time="0.001"/>
</testsuite>